[2023-01-15T18:06:02.784+0000] {processor.py:153} INFO - Started process (PID=407) to work on /opt/airflow/dags/extract_dag.py
[2023-01-15T18:06:02.786+0000] {processor.py:743} INFO - Processing file /opt/airflow/dags/extract_dag.py for tasks to queue
[2023-01-15T18:06:02.788+0000] {logging_mixin.py:137} INFO - [2023-01-15T18:06:02.788+0000] {dagbag.py:538} INFO - Filling up the DagBag from /opt/airflow/dags/extract_dag.py
[2023-01-15T18:06:04.283+0000] {logging_mixin.py:137} INFO - [2023-01-15T18:06:04.277+0000] {dagbag.py:343} ERROR - Failed to import: /opt/airflow/dags/extract_dag.py
Traceback (most recent call last):
  File "/home/airflow/.local/lib/python3.7/site-packages/airflow/models/dagbag.py", line 339, in parse
    loader.exec_module(new_module)
  File "<frozen importlib._bootstrap_external>", line 728, in exec_module
  File "<frozen importlib._bootstrap>", line 219, in _call_with_frames_removed
  File "/opt/airflow/dags/extract_dag.py", line 10, in <module>
    from airflow.providers.microsoft.mssql.hooks.mssql import MsSqlHook
ModuleNotFoundError: No module named 'airflow.providers.microsoft.mssql'
[2023-01-15T18:06:04.286+0000] {processor.py:755} WARNING - No viable dags retrieved from /opt/airflow/dags/extract_dag.py
[2023-01-15T18:06:04.321+0000] {processor.py:175} INFO - Processing /opt/airflow/dags/extract_dag.py took 1.544 seconds
[2023-01-15T18:06:34.615+0000] {processor.py:153} INFO - Started process (PID=457) to work on /opt/airflow/dags/extract_dag.py
[2023-01-15T18:06:34.616+0000] {processor.py:743} INFO - Processing file /opt/airflow/dags/extract_dag.py for tasks to queue
[2023-01-15T18:06:34.618+0000] {logging_mixin.py:137} INFO - [2023-01-15T18:06:34.618+0000] {dagbag.py:538} INFO - Filling up the DagBag from /opt/airflow/dags/extract_dag.py
[2023-01-15T18:06:35.253+0000] {logging_mixin.py:137} INFO - [2023-01-15T18:06:35.247+0000] {dagbag.py:343} ERROR - Failed to import: /opt/airflow/dags/extract_dag.py
Traceback (most recent call last):
  File "/home/airflow/.local/lib/python3.7/site-packages/airflow/models/dagbag.py", line 339, in parse
    loader.exec_module(new_module)
  File "<frozen importlib._bootstrap_external>", line 728, in exec_module
  File "<frozen importlib._bootstrap>", line 219, in _call_with_frames_removed
  File "/opt/airflow/dags/extract_dag.py", line 10, in <module>
    from airflow.providers.microsoft.mssql.hooks.mssql import MsSqlHook
ModuleNotFoundError: No module named 'airflow.providers.microsoft.mssql'
[2023-01-15T18:06:35.255+0000] {processor.py:755} WARNING - No viable dags retrieved from /opt/airflow/dags/extract_dag.py
[2023-01-15T18:06:35.277+0000] {processor.py:175} INFO - Processing /opt/airflow/dags/extract_dag.py took 0.667 seconds
[2023-01-15T18:07:05.568+0000] {processor.py:153} INFO - Started process (PID=491) to work on /opt/airflow/dags/extract_dag.py
[2023-01-15T18:07:05.569+0000] {processor.py:743} INFO - Processing file /opt/airflow/dags/extract_dag.py for tasks to queue
[2023-01-15T18:07:05.570+0000] {logging_mixin.py:137} INFO - [2023-01-15T18:07:05.570+0000] {dagbag.py:538} INFO - Filling up the DagBag from /opt/airflow/dags/extract_dag.py
[2023-01-15T18:07:06.010+0000] {logging_mixin.py:137} INFO - [2023-01-15T18:07:06.004+0000] {dagbag.py:343} ERROR - Failed to import: /opt/airflow/dags/extract_dag.py
Traceback (most recent call last):
  File "/home/airflow/.local/lib/python3.7/site-packages/airflow/models/dagbag.py", line 339, in parse
    loader.exec_module(new_module)
  File "<frozen importlib._bootstrap_external>", line 728, in exec_module
  File "<frozen importlib._bootstrap>", line 219, in _call_with_frames_removed
  File "/opt/airflow/dags/extract_dag.py", line 10, in <module>
    from airflow.providers.microsoft.mssql.hooks.mssql import MsSqlHook
ModuleNotFoundError: No module named 'airflow.providers.microsoft.mssql'
[2023-01-15T18:07:06.012+0000] {processor.py:755} WARNING - No viable dags retrieved from /opt/airflow/dags/extract_dag.py
[2023-01-15T18:07:06.034+0000] {processor.py:175} INFO - Processing /opt/airflow/dags/extract_dag.py took 0.470 seconds
[2023-01-15T18:07:36.336+0000] {processor.py:153} INFO - Started process (PID=525) to work on /opt/airflow/dags/extract_dag.py
[2023-01-15T18:07:36.337+0000] {processor.py:743} INFO - Processing file /opt/airflow/dags/extract_dag.py for tasks to queue
[2023-01-15T18:07:36.338+0000] {logging_mixin.py:137} INFO - [2023-01-15T18:07:36.338+0000] {dagbag.py:538} INFO - Filling up the DagBag from /opt/airflow/dags/extract_dag.py
[2023-01-15T18:07:36.823+0000] {logging_mixin.py:137} INFO - [2023-01-15T18:07:36.817+0000] {dagbag.py:343} ERROR - Failed to import: /opt/airflow/dags/extract_dag.py
Traceback (most recent call last):
  File "/home/airflow/.local/lib/python3.7/site-packages/airflow/models/dagbag.py", line 339, in parse
    loader.exec_module(new_module)
  File "<frozen importlib._bootstrap_external>", line 728, in exec_module
  File "<frozen importlib._bootstrap>", line 219, in _call_with_frames_removed
  File "/opt/airflow/dags/extract_dag.py", line 10, in <module>
    from airflow.providers.microsoft.mssql.hooks.mssql import MsSqlHook
ModuleNotFoundError: No module named 'airflow.providers.microsoft.mssql'
[2023-01-15T18:07:36.825+0000] {processor.py:755} WARNING - No viable dags retrieved from /opt/airflow/dags/extract_dag.py
[2023-01-15T18:07:36.843+0000] {processor.py:175} INFO - Processing /opt/airflow/dags/extract_dag.py took 0.513 seconds
[2023-01-15T18:08:07.007+0000] {processor.py:153} INFO - Started process (PID=575) to work on /opt/airflow/dags/extract_dag.py
[2023-01-15T18:08:07.009+0000] {processor.py:743} INFO - Processing file /opt/airflow/dags/extract_dag.py for tasks to queue
[2023-01-15T18:08:07.010+0000] {logging_mixin.py:137} INFO - [2023-01-15T18:08:07.010+0000] {dagbag.py:538} INFO - Filling up the DagBag from /opt/airflow/dags/extract_dag.py
[2023-01-15T18:08:07.702+0000] {logging_mixin.py:137} INFO - [2023-01-15T18:08:07.696+0000] {dagbag.py:343} ERROR - Failed to import: /opt/airflow/dags/extract_dag.py
Traceback (most recent call last):
  File "/home/airflow/.local/lib/python3.7/site-packages/airflow/models/dagbag.py", line 339, in parse
    loader.exec_module(new_module)
  File "<frozen importlib._bootstrap_external>", line 728, in exec_module
  File "<frozen importlib._bootstrap>", line 219, in _call_with_frames_removed
  File "/opt/airflow/dags/extract_dag.py", line 10, in <module>
    from airflow.providers.microsoft.mssql.hooks.mssql import MsSqlHook
ModuleNotFoundError: No module named 'airflow.providers.microsoft.mssql'
[2023-01-15T18:08:07.705+0000] {processor.py:755} WARNING - No viable dags retrieved from /opt/airflow/dags/extract_dag.py
[2023-01-15T18:08:07.738+0000] {processor.py:175} INFO - Processing /opt/airflow/dags/extract_dag.py took 0.737 seconds
[2023-01-15T18:08:37.990+0000] {processor.py:153} INFO - Started process (PID=609) to work on /opt/airflow/dags/extract_dag.py
[2023-01-15T18:08:37.991+0000] {processor.py:743} INFO - Processing file /opt/airflow/dags/extract_dag.py for tasks to queue
[2023-01-15T18:08:37.992+0000] {logging_mixin.py:137} INFO - [2023-01-15T18:08:37.992+0000] {dagbag.py:538} INFO - Filling up the DagBag from /opt/airflow/dags/extract_dag.py
[2023-01-15T18:08:38.419+0000] {logging_mixin.py:137} INFO - [2023-01-15T18:08:38.414+0000] {dagbag.py:343} ERROR - Failed to import: /opt/airflow/dags/extract_dag.py
Traceback (most recent call last):
  File "/home/airflow/.local/lib/python3.7/site-packages/airflow/models/dagbag.py", line 339, in parse
    loader.exec_module(new_module)
  File "<frozen importlib._bootstrap_external>", line 728, in exec_module
  File "<frozen importlib._bootstrap>", line 219, in _call_with_frames_removed
  File "/opt/airflow/dags/extract_dag.py", line 10, in <module>
    from airflow.providers.microsoft.mssql.hooks.mssql import MsSqlHook
ModuleNotFoundError: No module named 'airflow.providers.microsoft.mssql'
[2023-01-15T18:08:38.421+0000] {processor.py:755} WARNING - No viable dags retrieved from /opt/airflow/dags/extract_dag.py
[2023-01-15T18:08:38.441+0000] {processor.py:175} INFO - Processing /opt/airflow/dags/extract_dag.py took 0.454 seconds
[2023-01-15T18:09:08.554+0000] {processor.py:153} INFO - Started process (PID=643) to work on /opt/airflow/dags/extract_dag.py
[2023-01-15T18:09:08.555+0000] {processor.py:743} INFO - Processing file /opt/airflow/dags/extract_dag.py for tasks to queue
[2023-01-15T18:09:08.557+0000] {logging_mixin.py:137} INFO - [2023-01-15T18:09:08.557+0000] {dagbag.py:538} INFO - Filling up the DagBag from /opt/airflow/dags/extract_dag.py
[2023-01-15T18:09:09.148+0000] {logging_mixin.py:137} INFO - [2023-01-15T18:09:09.142+0000] {dagbag.py:343} ERROR - Failed to import: /opt/airflow/dags/extract_dag.py
Traceback (most recent call last):
  File "/home/airflow/.local/lib/python3.7/site-packages/airflow/models/dagbag.py", line 339, in parse
    loader.exec_module(new_module)
  File "<frozen importlib._bootstrap_external>", line 728, in exec_module
  File "<frozen importlib._bootstrap>", line 219, in _call_with_frames_removed
  File "/opt/airflow/dags/extract_dag.py", line 10, in <module>
    from airflow.providers.microsoft.mssql.hooks.mssql import MsSqlHook
ModuleNotFoundError: No module named 'airflow.providers.microsoft.mssql'
[2023-01-15T18:09:09.150+0000] {processor.py:755} WARNING - No viable dags retrieved from /opt/airflow/dags/extract_dag.py
[2023-01-15T18:09:09.168+0000] {processor.py:175} INFO - Processing /opt/airflow/dags/extract_dag.py took 0.619 seconds
[2023-01-15T18:09:38.974+0000] {processor.py:153} INFO - Started process (PID=677) to work on /opt/airflow/dags/extract_dag.py
[2023-01-15T18:09:38.975+0000] {processor.py:743} INFO - Processing file /opt/airflow/dags/extract_dag.py for tasks to queue
[2023-01-15T18:09:38.976+0000] {logging_mixin.py:137} INFO - [2023-01-15T18:09:38.976+0000] {dagbag.py:538} INFO - Filling up the DagBag from /opt/airflow/dags/extract_dag.py
[2023-01-15T18:09:39.751+0000] {processor.py:753} INFO - DAG(s) dict_keys(['s3_dag']) retrieved from /opt/airflow/dags/extract_dag.py
[2023-01-15T18:09:40.023+0000] {logging_mixin.py:137} INFO - [2023-01-15T18:09:40.022+0000] {manager.py:504} INFO - Created Permission View: can edit on DAG:s3_dag
[2023-01-15T18:09:40.035+0000] {logging_mixin.py:137} INFO - [2023-01-15T18:09:40.035+0000] {manager.py:504} INFO - Created Permission View: can delete on DAG:s3_dag
[2023-01-15T18:09:40.046+0000] {logging_mixin.py:137} INFO - [2023-01-15T18:09:40.046+0000] {manager.py:504} INFO - Created Permission View: can read on DAG:s3_dag
[2023-01-15T18:09:40.047+0000] {logging_mixin.py:137} INFO - [2023-01-15T18:09:40.047+0000] {dag.py:2676} INFO - Sync 1 DAGs
[2023-01-15T18:09:40.064+0000] {logging_mixin.py:137} INFO - [2023-01-15T18:09:40.064+0000] {dag.py:2697} INFO - Creating ORM DAG for s3_dag
[2023-01-15T18:09:40.077+0000] {logging_mixin.py:137} INFO - [2023-01-15T18:09:40.077+0000] {dag.py:3427} INFO - Setting next_dagrun for s3_dag to 2023-01-14T18:09:40.077536+00:00, run_after=2023-01-15T18:09:40.077536+00:00
[2023-01-15T18:09:40.103+0000] {processor.py:175} INFO - Processing /opt/airflow/dags/extract_dag.py took 1.133 seconds
[2023-01-15T18:10:10.271+0000] {processor.py:153} INFO - Started process (PID=720) to work on /opt/airflow/dags/extract_dag.py
[2023-01-15T18:10:10.272+0000] {processor.py:743} INFO - Processing file /opt/airflow/dags/extract_dag.py for tasks to queue
[2023-01-15T18:10:10.274+0000] {logging_mixin.py:137} INFO - [2023-01-15T18:10:10.273+0000] {dagbag.py:538} INFO - Filling up the DagBag from /opt/airflow/dags/extract_dag.py
[2023-01-15T18:10:10.992+0000] {processor.py:753} INFO - DAG(s) dict_keys(['s3_dag']) retrieved from /opt/airflow/dags/extract_dag.py
[2023-01-15T18:10:11.030+0000] {logging_mixin.py:137} INFO - [2023-01-15T18:10:11.029+0000] {dag.py:2676} INFO - Sync 1 DAGs
[2023-01-15T18:10:11.089+0000] {logging_mixin.py:137} INFO - [2023-01-15T18:10:11.089+0000] {dag.py:3427} INFO - Setting next_dagrun for s3_dag to 2023-01-14T18:10:11.088715+00:00, run_after=2023-01-15T18:10:11.088715+00:00
[2023-01-15T18:10:11.118+0000] {processor.py:175} INFO - Processing /opt/airflow/dags/extract_dag.py took 0.851 seconds
[2023-01-15T18:10:41.459+0000] {processor.py:153} INFO - Started process (PID=761) to work on /opt/airflow/dags/extract_dag.py
[2023-01-15T18:10:41.460+0000] {processor.py:743} INFO - Processing file /opt/airflow/dags/extract_dag.py for tasks to queue
[2023-01-15T18:10:41.461+0000] {logging_mixin.py:137} INFO - [2023-01-15T18:10:41.461+0000] {dagbag.py:538} INFO - Filling up the DagBag from /opt/airflow/dags/extract_dag.py
[2023-01-15T18:10:41.980+0000] {processor.py:753} INFO - DAG(s) dict_keys(['s3_dag']) retrieved from /opt/airflow/dags/extract_dag.py
[2023-01-15T18:10:42.002+0000] {logging_mixin.py:137} INFO - [2023-01-15T18:10:42.002+0000] {dag.py:2676} INFO - Sync 1 DAGs
[2023-01-15T18:10:42.027+0000] {logging_mixin.py:137} INFO - [2023-01-15T18:10:42.027+0000] {dag.py:3427} INFO - Setting next_dagrun for s3_dag to 2023-01-14T18:10:42.026975+00:00, run_after=2023-01-15T18:10:42.026975+00:00
[2023-01-15T18:10:42.049+0000] {processor.py:175} INFO - Processing /opt/airflow/dags/extract_dag.py took 0.595 seconds
[2023-01-15T18:11:12.407+0000] {processor.py:153} INFO - Started process (PID=796) to work on /opt/airflow/dags/extract_dag.py
[2023-01-15T18:11:12.408+0000] {processor.py:743} INFO - Processing file /opt/airflow/dags/extract_dag.py for tasks to queue
[2023-01-15T18:11:12.410+0000] {logging_mixin.py:137} INFO - [2023-01-15T18:11:12.409+0000] {dagbag.py:538} INFO - Filling up the DagBag from /opt/airflow/dags/extract_dag.py
[2023-01-15T18:11:13.017+0000] {processor.py:753} INFO - DAG(s) dict_keys(['s3_dag']) retrieved from /opt/airflow/dags/extract_dag.py
[2023-01-15T18:11:13.045+0000] {logging_mixin.py:137} INFO - [2023-01-15T18:11:13.044+0000] {dag.py:2676} INFO - Sync 1 DAGs
[2023-01-15T18:11:13.079+0000] {logging_mixin.py:137} INFO - [2023-01-15T18:11:13.079+0000] {dag.py:3427} INFO - Setting next_dagrun for s3_dag to 2023-01-14T18:11:13.079258+00:00, run_after=2023-01-15T18:11:13.079258+00:00
[2023-01-15T18:11:13.101+0000] {processor.py:175} INFO - Processing /opt/airflow/dags/extract_dag.py took 0.699 seconds
[2023-01-15T18:11:43.958+0000] {processor.py:153} INFO - Started process (PID=840) to work on /opt/airflow/dags/extract_dag.py
[2023-01-15T18:11:43.960+0000] {processor.py:743} INFO - Processing file /opt/airflow/dags/extract_dag.py for tasks to queue
[2023-01-15T18:11:43.962+0000] {logging_mixin.py:137} INFO - [2023-01-15T18:11:43.961+0000] {dagbag.py:538} INFO - Filling up the DagBag from /opt/airflow/dags/extract_dag.py
[2023-01-15T18:11:45.188+0000] {processor.py:753} INFO - DAG(s) dict_keys(['s3_dag']) retrieved from /opt/airflow/dags/extract_dag.py
[2023-01-15T18:11:45.321+0000] {logging_mixin.py:137} INFO - [2023-01-15T18:11:45.320+0000] {dag.py:2676} INFO - Sync 1 DAGs
[2023-01-15T18:11:45.344+0000] {logging_mixin.py:137} INFO - [2023-01-15T18:11:45.343+0000] {dag.py:2697} INFO - Creating ORM DAG for s3_dag
[2023-01-15T18:11:45.383+0000] {logging_mixin.py:137} INFO - [2023-01-15T18:11:45.382+0000] {dag.py:3427} INFO - Setting next_dagrun for s3_dag to 2023-01-14T18:11:45.382532+00:00, run_after=2023-01-15T18:11:45.382532+00:00
[2023-01-15T18:11:45.415+0000] {processor.py:175} INFO - Processing /opt/airflow/dags/extract_dag.py took 1.464 seconds
[2023-01-15T18:12:15.466+0000] {processor.py:153} INFO - Started process (PID=883) to work on /opt/airflow/dags/extract_dag.py
[2023-01-15T18:12:15.468+0000] {processor.py:743} INFO - Processing file /opt/airflow/dags/extract_dag.py for tasks to queue
[2023-01-15T18:12:15.469+0000] {logging_mixin.py:137} INFO - [2023-01-15T18:12:15.469+0000] {dagbag.py:538} INFO - Filling up the DagBag from /opt/airflow/dags/extract_dag.py
[2023-01-15T18:12:16.463+0000] {processor.py:753} INFO - DAG(s) dict_keys(['s3_dag']) retrieved from /opt/airflow/dags/extract_dag.py
[2023-01-15T18:12:16.501+0000] {logging_mixin.py:137} INFO - [2023-01-15T18:12:16.501+0000] {dag.py:2676} INFO - Sync 1 DAGs
[2023-01-15T18:12:16.546+0000] {logging_mixin.py:137} INFO - [2023-01-15T18:12:16.546+0000] {dag.py:3427} INFO - Setting next_dagrun for s3_dag to 2023-01-14T18:12:16.546063+00:00, run_after=2023-01-15T18:12:16.546063+00:00
[2023-01-15T18:12:16.581+0000] {processor.py:175} INFO - Processing /opt/airflow/dags/extract_dag.py took 1.120 seconds
