[2023-02-02T01:58:10.395+0000] {processor.py:153} INFO - Started process (PID=11554) to work on /opt/airflow/dags/solution.py
[2023-02-02T01:58:10.403+0000] {processor.py:743} INFO - Processing file /opt/airflow/dags/solution.py for tasks to queue
[2023-02-02T01:58:10.406+0000] {logging_mixin.py:137} INFO - [2023-02-02T01:58:10.405+0000] {dagbag.py:538} INFO - Filling up the DagBag from /opt/airflow/dags/solution.py
[2023-02-02T01:58:21.676+0000] {processor.py:753} INFO - DAG(s) dict_keys(['minio_s3_dag']) retrieved from /opt/airflow/dags/solution.py
[2023-02-02T01:58:22.388+0000] {logging_mixin.py:137} INFO - [2023-02-02T01:58:22.387+0000] {dag.py:2690} INFO - Sync 1 DAGs
[2023-02-02T01:58:24.044+0000] {logging_mixin.py:137} INFO - [2023-02-02T01:58:24.043+0000] {dag.py:3437} INFO - Setting next_dagrun for minio_s3_dag to 2023-02-01T01:58:24.043026+00:00, run_after=2023-02-02T01:58:24.043026+00:00
[2023-02-02T01:58:24.148+0000] {processor.py:175} INFO - Processing /opt/airflow/dags/solution.py took 13.784 seconds
[2023-02-02T01:58:54.682+0000] {processor.py:153} INFO - Started process (PID=11587) to work on /opt/airflow/dags/solution.py
[2023-02-02T01:58:54.695+0000] {processor.py:743} INFO - Processing file /opt/airflow/dags/solution.py for tasks to queue
[2023-02-02T01:58:54.697+0000] {logging_mixin.py:137} INFO - [2023-02-02T01:58:54.697+0000] {dagbag.py:538} INFO - Filling up the DagBag from /opt/airflow/dags/solution.py
[2023-02-02T01:58:58.424+0000] {processor.py:753} INFO - DAG(s) dict_keys(['minio_s3_dag']) retrieved from /opt/airflow/dags/solution.py
[2023-02-02T01:58:58.517+0000] {logging_mixin.py:137} INFO - [2023-02-02T01:58:58.516+0000] {dag.py:2690} INFO - Sync 1 DAGs
[2023-02-02T01:58:58.632+0000] {logging_mixin.py:137} INFO - [2023-02-02T01:58:58.632+0000] {dag.py:3437} INFO - Setting next_dagrun for minio_s3_dag to 2023-02-01T01:58:58.622882+00:00, run_after=2023-02-02T01:58:58.622882+00:00
[2023-02-02T01:58:58.705+0000] {processor.py:175} INFO - Processing /opt/airflow/dags/solution.py took 4.042 seconds
[2023-02-02T01:59:28.978+0000] {processor.py:153} INFO - Started process (PID=11611) to work on /opt/airflow/dags/solution.py
[2023-02-02T01:59:28.980+0000] {processor.py:743} INFO - Processing file /opt/airflow/dags/solution.py for tasks to queue
[2023-02-02T01:59:28.984+0000] {logging_mixin.py:137} INFO - [2023-02-02T01:59:28.983+0000] {dagbag.py:538} INFO - Filling up the DagBag from /opt/airflow/dags/solution.py
[2023-02-02T01:59:32.268+0000] {processor.py:753} INFO - DAG(s) dict_keys(['minio_s3_dag']) retrieved from /opt/airflow/dags/solution.py
[2023-02-02T01:59:32.359+0000] {logging_mixin.py:137} INFO - [2023-02-02T01:59:32.358+0000] {dag.py:2690} INFO - Sync 1 DAGs
[2023-02-02T01:59:32.471+0000] {logging_mixin.py:137} INFO - [2023-02-02T01:59:32.470+0000] {dag.py:3437} INFO - Setting next_dagrun for minio_s3_dag to 2023-02-01T01:59:32.470013+00:00, run_after=2023-02-02T01:59:32.470013+00:00
[2023-02-02T01:59:32.528+0000] {processor.py:175} INFO - Processing /opt/airflow/dags/solution.py took 3.557 seconds
[2023-02-02T02:00:02.890+0000] {processor.py:153} INFO - Started process (PID=11643) to work on /opt/airflow/dags/solution.py
[2023-02-02T02:00:02.900+0000] {processor.py:743} INFO - Processing file /opt/airflow/dags/solution.py for tasks to queue
[2023-02-02T02:00:02.905+0000] {logging_mixin.py:137} INFO - [2023-02-02T02:00:02.904+0000] {dagbag.py:538} INFO - Filling up the DagBag from /opt/airflow/dags/solution.py
[2023-02-02T02:00:05.542+0000] {processor.py:753} INFO - DAG(s) dict_keys(['minio_s3_dag']) retrieved from /opt/airflow/dags/solution.py
[2023-02-02T02:00:05.634+0000] {logging_mixin.py:137} INFO - [2023-02-02T02:00:05.633+0000] {dag.py:2690} INFO - Sync 1 DAGs
[2023-02-02T02:00:05.735+0000] {logging_mixin.py:137} INFO - [2023-02-02T02:00:05.735+0000] {dag.py:3437} INFO - Setting next_dagrun for minio_s3_dag to 2023-02-01T02:00:05.734960+00:00, run_after=2023-02-02T02:00:05.734960+00:00
[2023-02-02T02:00:05.806+0000] {processor.py:175} INFO - Processing /opt/airflow/dags/solution.py took 2.926 seconds
[2023-02-02T02:00:36.132+0000] {processor.py:153} INFO - Started process (PID=11675) to work on /opt/airflow/dags/solution.py
[2023-02-02T02:00:36.139+0000] {processor.py:743} INFO - Processing file /opt/airflow/dags/solution.py for tasks to queue
[2023-02-02T02:00:36.141+0000] {logging_mixin.py:137} INFO - [2023-02-02T02:00:36.141+0000] {dagbag.py:538} INFO - Filling up the DagBag from /opt/airflow/dags/solution.py
[2023-02-02T02:00:38.866+0000] {processor.py:753} INFO - DAG(s) dict_keys(['minio_s3_dag']) retrieved from /opt/airflow/dags/solution.py
[2023-02-02T02:00:38.936+0000] {logging_mixin.py:137} INFO - [2023-02-02T02:00:38.935+0000] {dag.py:2690} INFO - Sync 1 DAGs
[2023-02-02T02:00:39.017+0000] {logging_mixin.py:137} INFO - [2023-02-02T02:00:39.016+0000] {dag.py:3437} INFO - Setting next_dagrun for minio_s3_dag to 2023-02-01T02:00:39.016280+00:00, run_after=2023-02-02T02:00:39.016280+00:00
[2023-02-02T02:00:39.395+0000] {processor.py:175} INFO - Processing /opt/airflow/dags/solution.py took 3.274 seconds
[2023-02-02T02:01:09.713+0000] {processor.py:153} INFO - Started process (PID=11699) to work on /opt/airflow/dags/solution.py
[2023-02-02T02:01:09.715+0000] {processor.py:743} INFO - Processing file /opt/airflow/dags/solution.py for tasks to queue
[2023-02-02T02:01:09.719+0000] {logging_mixin.py:137} INFO - [2023-02-02T02:01:09.718+0000] {dagbag.py:538} INFO - Filling up the DagBag from /opt/airflow/dags/solution.py
[2023-02-02T02:01:12.274+0000] {processor.py:753} INFO - DAG(s) dict_keys(['minio_s3_dag']) retrieved from /opt/airflow/dags/solution.py
[2023-02-02T02:01:12.354+0000] {logging_mixin.py:137} INFO - [2023-02-02T02:01:12.353+0000] {dag.py:2690} INFO - Sync 1 DAGs
[2023-02-02T02:01:12.802+0000] {logging_mixin.py:137} INFO - [2023-02-02T02:01:12.802+0000] {dag.py:3437} INFO - Setting next_dagrun for minio_s3_dag to 2023-02-01T02:01:12.801180+00:00, run_after=2023-02-02T02:01:12.801180+00:00
[2023-02-02T02:01:12.867+0000] {processor.py:175} INFO - Processing /opt/airflow/dags/solution.py took 3.163 seconds
[2023-02-02T02:01:43.027+0000] {processor.py:153} INFO - Started process (PID=11724) to work on /opt/airflow/dags/solution.py
[2023-02-02T02:01:43.029+0000] {processor.py:743} INFO - Processing file /opt/airflow/dags/solution.py for tasks to queue
[2023-02-02T02:01:43.033+0000] {logging_mixin.py:137} INFO - [2023-02-02T02:01:43.032+0000] {dagbag.py:538} INFO - Filling up the DagBag from /opt/airflow/dags/solution.py
[2023-02-02T02:01:44.727+0000] {processor.py:753} INFO - DAG(s) dict_keys(['minio_s3_dag']) retrieved from /opt/airflow/dags/solution.py
[2023-02-02T02:01:44.788+0000] {logging_mixin.py:137} INFO - [2023-02-02T02:01:44.787+0000] {dag.py:2690} INFO - Sync 1 DAGs
[2023-02-02T02:01:45.102+0000] {logging_mixin.py:137} INFO - [2023-02-02T02:01:45.102+0000] {dag.py:3437} INFO - Setting next_dagrun for minio_s3_dag to 2023-02-01T02:01:45.101499+00:00, run_after=2023-02-02T02:01:45.101499+00:00
[2023-02-02T02:01:45.148+0000] {processor.py:175} INFO - Processing /opt/airflow/dags/solution.py took 2.128 seconds
[2023-02-02T02:02:15.430+0000] {processor.py:153} INFO - Started process (PID=11756) to work on /opt/airflow/dags/solution.py
[2023-02-02T02:02:15.432+0000] {processor.py:743} INFO - Processing file /opt/airflow/dags/solution.py for tasks to queue
[2023-02-02T02:02:15.435+0000] {logging_mixin.py:137} INFO - [2023-02-02T02:02:15.434+0000] {dagbag.py:538} INFO - Filling up the DagBag from /opt/airflow/dags/solution.py
[2023-02-02T02:02:17.939+0000] {processor.py:753} INFO - DAG(s) dict_keys(['minio_s3_dag']) retrieved from /opt/airflow/dags/solution.py
[2023-02-02T02:02:18.026+0000] {logging_mixin.py:137} INFO - [2023-02-02T02:02:18.025+0000] {dag.py:2690} INFO - Sync 1 DAGs
[2023-02-02T02:02:18.124+0000] {logging_mixin.py:137} INFO - [2023-02-02T02:02:18.123+0000] {dag.py:3437} INFO - Setting next_dagrun for minio_s3_dag to 2023-02-01T02:02:18.123360+00:00, run_after=2023-02-02T02:02:18.123360+00:00
[2023-02-02T02:02:18.207+0000] {processor.py:175} INFO - Processing /opt/airflow/dags/solution.py took 2.786 seconds
[2023-02-02T02:02:48.547+0000] {processor.py:153} INFO - Started process (PID=11789) to work on /opt/airflow/dags/solution.py
[2023-02-02T02:02:48.550+0000] {processor.py:743} INFO - Processing file /opt/airflow/dags/solution.py for tasks to queue
[2023-02-02T02:02:48.553+0000] {logging_mixin.py:137} INFO - [2023-02-02T02:02:48.552+0000] {dagbag.py:538} INFO - Filling up the DagBag from /opt/airflow/dags/solution.py
[2023-02-02T02:02:51.682+0000] {processor.py:753} INFO - DAG(s) dict_keys(['minio_s3_dag']) retrieved from /opt/airflow/dags/solution.py
[2023-02-02T02:02:51.794+0000] {logging_mixin.py:137} INFO - [2023-02-02T02:02:51.792+0000] {dag.py:2690} INFO - Sync 1 DAGs
[2023-02-02T02:02:51.919+0000] {logging_mixin.py:137} INFO - [2023-02-02T02:02:51.919+0000] {dag.py:3437} INFO - Setting next_dagrun for minio_s3_dag to 2023-02-01T02:02:51.918954+00:00, run_after=2023-02-02T02:02:51.918954+00:00
[2023-02-02T02:02:52.002+0000] {processor.py:175} INFO - Processing /opt/airflow/dags/solution.py took 3.467 seconds
[2023-02-02T02:03:22.382+0000] {processor.py:153} INFO - Started process (PID=11806) to work on /opt/airflow/dags/solution.py
[2023-02-02T02:03:22.387+0000] {processor.py:743} INFO - Processing file /opt/airflow/dags/solution.py for tasks to queue
[2023-02-02T02:03:22.389+0000] {logging_mixin.py:137} INFO - [2023-02-02T02:03:22.389+0000] {dagbag.py:538} INFO - Filling up the DagBag from /opt/airflow/dags/solution.py
[2023-02-02T02:03:25.068+0000] {processor.py:753} INFO - DAG(s) dict_keys(['minio_s3_dag']) retrieved from /opt/airflow/dags/solution.py
[2023-02-02T02:03:25.131+0000] {logging_mixin.py:137} INFO - [2023-02-02T02:03:25.130+0000] {dag.py:2690} INFO - Sync 1 DAGs
[2023-02-02T02:03:25.205+0000] {logging_mixin.py:137} INFO - [2023-02-02T02:03:25.204+0000] {dag.py:3437} INFO - Setting next_dagrun for minio_s3_dag to 2023-02-01T02:03:25.203935+00:00, run_after=2023-02-02T02:03:25.203935+00:00
[2023-02-02T02:03:25.263+0000] {processor.py:175} INFO - Processing /opt/airflow/dags/solution.py took 2.890 seconds
[2023-02-02T02:03:55.585+0000] {processor.py:153} INFO - Started process (PID=11838) to work on /opt/airflow/dags/solution.py
[2023-02-02T02:03:55.587+0000] {processor.py:743} INFO - Processing file /opt/airflow/dags/solution.py for tasks to queue
[2023-02-02T02:03:55.591+0000] {logging_mixin.py:137} INFO - [2023-02-02T02:03:55.590+0000] {dagbag.py:538} INFO - Filling up the DagBag from /opt/airflow/dags/solution.py
[2023-02-02T02:03:57.039+0000] {processor.py:753} INFO - DAG(s) dict_keys(['minio_s3_dag']) retrieved from /opt/airflow/dags/solution.py
[2023-02-02T02:03:57.091+0000] {logging_mixin.py:137} INFO - [2023-02-02T02:03:57.089+0000] {dag.py:2690} INFO - Sync 1 DAGs
[2023-02-02T02:03:57.149+0000] {logging_mixin.py:137} INFO - [2023-02-02T02:03:57.148+0000] {dag.py:3437} INFO - Setting next_dagrun for minio_s3_dag to 2023-02-01T02:03:57.148314+00:00, run_after=2023-02-02T02:03:57.148314+00:00
[2023-02-02T02:03:57.428+0000] {processor.py:175} INFO - Processing /opt/airflow/dags/solution.py took 1.850 seconds
[2023-02-02T02:04:27.751+0000] {processor.py:153} INFO - Started process (PID=11871) to work on /opt/airflow/dags/solution.py
[2023-02-02T02:04:27.753+0000] {processor.py:743} INFO - Processing file /opt/airflow/dags/solution.py for tasks to queue
[2023-02-02T02:04:27.757+0000] {logging_mixin.py:137} INFO - [2023-02-02T02:04:27.756+0000] {dagbag.py:538} INFO - Filling up the DagBag from /opt/airflow/dags/solution.py
[2023-02-02T02:04:29.891+0000] {processor.py:753} INFO - DAG(s) dict_keys(['minio_s3_dag']) retrieved from /opt/airflow/dags/solution.py
[2023-02-02T02:04:29.954+0000] {logging_mixin.py:137} INFO - [2023-02-02T02:04:29.953+0000] {dag.py:2690} INFO - Sync 1 DAGs
[2023-02-02T02:04:30.299+0000] {logging_mixin.py:137} INFO - [2023-02-02T02:04:30.299+0000] {dag.py:3437} INFO - Setting next_dagrun for minio_s3_dag to 2023-02-01T02:04:30.298850+00:00, run_after=2023-02-02T02:04:30.298850+00:00
[2023-02-02T02:04:30.367+0000] {processor.py:175} INFO - Processing /opt/airflow/dags/solution.py took 2.626 seconds
[2023-02-02T02:05:00.671+0000] {processor.py:153} INFO - Started process (PID=11895) to work on /opt/airflow/dags/solution.py
[2023-02-02T02:05:00.673+0000] {processor.py:743} INFO - Processing file /opt/airflow/dags/solution.py for tasks to queue
[2023-02-02T02:05:00.675+0000] {logging_mixin.py:137} INFO - [2023-02-02T02:05:00.675+0000] {dagbag.py:538} INFO - Filling up the DagBag from /opt/airflow/dags/solution.py
[2023-02-02T02:05:03.501+0000] {processor.py:753} INFO - DAG(s) dict_keys(['minio_s3_dag']) retrieved from /opt/airflow/dags/solution.py
[2023-02-02T02:05:03.612+0000] {logging_mixin.py:137} INFO - [2023-02-02T02:05:03.611+0000] {dag.py:2690} INFO - Sync 1 DAGs
[2023-02-02T02:05:04.106+0000] {logging_mixin.py:137} INFO - [2023-02-02T02:05:04.106+0000] {dag.py:3437} INFO - Setting next_dagrun for minio_s3_dag to 2023-02-01T02:05:04.105796+00:00, run_after=2023-02-02T02:05:04.105796+00:00
[2023-02-02T02:05:04.169+0000] {processor.py:175} INFO - Processing /opt/airflow/dags/solution.py took 3.515 seconds
[2023-02-02T02:05:34.471+0000] {processor.py:153} INFO - Started process (PID=11920) to work on /opt/airflow/dags/solution.py
[2023-02-02T02:05:34.475+0000] {processor.py:743} INFO - Processing file /opt/airflow/dags/solution.py for tasks to queue
[2023-02-02T02:05:34.480+0000] {logging_mixin.py:137} INFO - [2023-02-02T02:05:34.480+0000] {dagbag.py:538} INFO - Filling up the DagBag from /opt/airflow/dags/solution.py
[2023-02-02T02:05:36.781+0000] {processor.py:753} INFO - DAG(s) dict_keys(['minio_s3_dag']) retrieved from /opt/airflow/dags/solution.py
[2023-02-02T02:05:36.866+0000] {logging_mixin.py:137} INFO - [2023-02-02T02:05:36.864+0000] {dag.py:2690} INFO - Sync 1 DAGs
[2023-02-02T02:05:36.966+0000] {logging_mixin.py:137} INFO - [2023-02-02T02:05:36.965+0000] {dag.py:3437} INFO - Setting next_dagrun for minio_s3_dag to 2023-02-01T02:05:36.963921+00:00, run_after=2023-02-02T02:05:36.963921+00:00
[2023-02-02T02:05:37.023+0000] {processor.py:175} INFO - Processing /opt/airflow/dags/solution.py took 2.560 seconds
[2023-02-02T02:06:07.342+0000] {processor.py:153} INFO - Started process (PID=11952) to work on /opt/airflow/dags/solution.py
[2023-02-02T02:06:07.343+0000] {processor.py:743} INFO - Processing file /opt/airflow/dags/solution.py for tasks to queue
[2023-02-02T02:06:07.346+0000] {logging_mixin.py:137} INFO - [2023-02-02T02:06:07.345+0000] {dagbag.py:538} INFO - Filling up the DagBag from /opt/airflow/dags/solution.py
[2023-02-02T02:06:09.089+0000] {processor.py:753} INFO - DAG(s) dict_keys(['minio_s3_dag']) retrieved from /opt/airflow/dags/solution.py
[2023-02-02T02:06:09.135+0000] {logging_mixin.py:137} INFO - [2023-02-02T02:06:09.134+0000] {dag.py:2690} INFO - Sync 1 DAGs
[2023-02-02T02:06:09.186+0000] {logging_mixin.py:137} INFO - [2023-02-02T02:06:09.186+0000] {dag.py:3437} INFO - Setting next_dagrun for minio_s3_dag to 2023-02-01T02:06:09.186093+00:00, run_after=2023-02-02T02:06:09.186093+00:00
[2023-02-02T02:06:09.289+0000] {processor.py:175} INFO - Processing /opt/airflow/dags/solution.py took 1.956 seconds
[2023-02-02T02:06:39.560+0000] {processor.py:153} INFO - Started process (PID=11984) to work on /opt/airflow/dags/solution.py
[2023-02-02T02:06:39.561+0000] {processor.py:743} INFO - Processing file /opt/airflow/dags/solution.py for tasks to queue
[2023-02-02T02:06:39.563+0000] {logging_mixin.py:137} INFO - [2023-02-02T02:06:39.563+0000] {dagbag.py:538} INFO - Filling up the DagBag from /opt/airflow/dags/solution.py
[2023-02-02T02:06:41.891+0000] {processor.py:753} INFO - DAG(s) dict_keys(['minio_s3_dag']) retrieved from /opt/airflow/dags/solution.py
[2023-02-02T02:06:41.951+0000] {logging_mixin.py:137} INFO - [2023-02-02T02:06:41.948+0000] {dag.py:2690} INFO - Sync 1 DAGs
[2023-02-02T02:06:42.021+0000] {logging_mixin.py:137} INFO - [2023-02-02T02:06:42.020+0000] {dag.py:3437} INFO - Setting next_dagrun for minio_s3_dag to 2023-02-01T02:06:42.020427+00:00, run_after=2023-02-02T02:06:42.020427+00:00
[2023-02-02T02:06:42.083+0000] {processor.py:175} INFO - Processing /opt/airflow/dags/solution.py took 2.530 seconds
[2023-02-02T02:07:12.204+0000] {processor.py:153} INFO - Started process (PID=12010) to work on /opt/airflow/dags/solution.py
[2023-02-02T02:07:12.206+0000] {processor.py:743} INFO - Processing file /opt/airflow/dags/solution.py for tasks to queue
[2023-02-02T02:07:12.207+0000] {logging_mixin.py:137} INFO - [2023-02-02T02:07:12.207+0000] {dagbag.py:538} INFO - Filling up the DagBag from /opt/airflow/dags/solution.py
[2023-02-02T02:07:14.017+0000] {processor.py:753} INFO - DAG(s) dict_keys(['minio_s3_dag']) retrieved from /opt/airflow/dags/solution.py
[2023-02-02T02:07:14.091+0000] {logging_mixin.py:137} INFO - [2023-02-02T02:07:14.087+0000] {dag.py:2690} INFO - Sync 1 DAGs
[2023-02-02T02:07:14.182+0000] {logging_mixin.py:137} INFO - [2023-02-02T02:07:14.182+0000] {dag.py:3437} INFO - Setting next_dagrun for minio_s3_dag to 2023-02-01T02:07:14.181813+00:00, run_after=2023-02-02T02:07:14.181813+00:00
[2023-02-02T02:07:14.599+0000] {processor.py:175} INFO - Processing /opt/airflow/dags/solution.py took 2.401 seconds
[2023-02-02T02:07:44.842+0000] {processor.py:153} INFO - Started process (PID=12042) to work on /opt/airflow/dags/solution.py
[2023-02-02T02:07:44.844+0000] {processor.py:743} INFO - Processing file /opt/airflow/dags/solution.py for tasks to queue
[2023-02-02T02:07:44.848+0000] {logging_mixin.py:137} INFO - [2023-02-02T02:07:44.847+0000] {dagbag.py:538} INFO - Filling up the DagBag from /opt/airflow/dags/solution.py
[2023-02-02T02:07:46.654+0000] {processor.py:753} INFO - DAG(s) dict_keys(['minio_s3_dag']) retrieved from /opt/airflow/dags/solution.py
[2023-02-02T02:07:46.705+0000] {logging_mixin.py:137} INFO - [2023-02-02T02:07:46.704+0000] {dag.py:2690} INFO - Sync 1 DAGs
[2023-02-02T02:07:46.973+0000] {logging_mixin.py:137} INFO - [2023-02-02T02:07:46.973+0000] {dag.py:3437} INFO - Setting next_dagrun for minio_s3_dag to 2023-02-01T02:07:46.972722+00:00, run_after=2023-02-02T02:07:46.972722+00:00
[2023-02-02T02:07:47.012+0000] {processor.py:175} INFO - Processing /opt/airflow/dags/solution.py took 2.178 seconds
[2023-02-02T02:08:17.124+0000] {processor.py:153} INFO - Started process (PID=12073) to work on /opt/airflow/dags/solution.py
[2023-02-02T02:08:17.125+0000] {processor.py:743} INFO - Processing file /opt/airflow/dags/solution.py for tasks to queue
[2023-02-02T02:08:17.127+0000] {logging_mixin.py:137} INFO - [2023-02-02T02:08:17.127+0000] {dagbag.py:538} INFO - Filling up the DagBag from /opt/airflow/dags/solution.py
[2023-02-02T02:08:18.848+0000] {processor.py:753} INFO - DAG(s) dict_keys(['minio_s3_dag']) retrieved from /opt/airflow/dags/solution.py
[2023-02-02T02:08:18.906+0000] {logging_mixin.py:137} INFO - [2023-02-02T02:08:18.905+0000] {dag.py:2690} INFO - Sync 1 DAGs
[2023-02-02T02:08:18.969+0000] {logging_mixin.py:137} INFO - [2023-02-02T02:08:18.969+0000] {dag.py:3437} INFO - Setting next_dagrun for minio_s3_dag to 2023-02-01T02:08:18.968885+00:00, run_after=2023-02-02T02:08:18.968885+00:00
[2023-02-02T02:08:19.017+0000] {processor.py:175} INFO - Processing /opt/airflow/dags/solution.py took 1.901 seconds
[2023-02-02T02:08:49.339+0000] {processor.py:153} INFO - Started process (PID=12100) to work on /opt/airflow/dags/solution.py
[2023-02-02T02:08:49.341+0000] {processor.py:743} INFO - Processing file /opt/airflow/dags/solution.py for tasks to queue
[2023-02-02T02:08:49.343+0000] {logging_mixin.py:137} INFO - [2023-02-02T02:08:49.342+0000] {dagbag.py:538} INFO - Filling up the DagBag from /opt/airflow/dags/solution.py
[2023-02-02T02:08:51.108+0000] {processor.py:753} INFO - DAG(s) dict_keys(['minio_s3_dag']) retrieved from /opt/airflow/dags/solution.py
[2023-02-02T02:08:51.164+0000] {logging_mixin.py:137} INFO - [2023-02-02T02:08:51.163+0000] {dag.py:2690} INFO - Sync 1 DAGs
[2023-02-02T02:08:51.232+0000] {logging_mixin.py:137} INFO - [2023-02-02T02:08:51.231+0000] {dag.py:3437} INFO - Setting next_dagrun for minio_s3_dag to 2023-02-01T02:08:51.229831+00:00, run_after=2023-02-02T02:08:51.229831+00:00
[2023-02-02T02:08:51.281+0000] {processor.py:175} INFO - Processing /opt/airflow/dags/solution.py took 1.950 seconds
[2023-02-02T02:09:21.540+0000] {processor.py:153} INFO - Started process (PID=12130) to work on /opt/airflow/dags/solution.py
[2023-02-02T02:09:21.541+0000] {processor.py:743} INFO - Processing file /opt/airflow/dags/solution.py for tasks to queue
[2023-02-02T02:09:21.543+0000] {logging_mixin.py:137} INFO - [2023-02-02T02:09:21.542+0000] {dagbag.py:538} INFO - Filling up the DagBag from /opt/airflow/dags/solution.py
[2023-02-02T02:09:22.954+0000] {processor.py:753} INFO - DAG(s) dict_keys(['minio_s3_dag']) retrieved from /opt/airflow/dags/solution.py
[2023-02-02T02:09:23.062+0000] {logging_mixin.py:137} INFO - [2023-02-02T02:09:23.061+0000] {dag.py:2690} INFO - Sync 1 DAGs
[2023-02-02T02:09:23.115+0000] {logging_mixin.py:137} INFO - [2023-02-02T02:09:23.115+0000] {dag.py:3437} INFO - Setting next_dagrun for minio_s3_dag to 2023-02-01T02:09:23.114680+00:00, run_after=2023-02-02T02:09:23.114680+00:00
[2023-02-02T02:09:23.154+0000] {processor.py:175} INFO - Processing /opt/airflow/dags/solution.py took 1.620 seconds
[2023-02-02T02:09:53.388+0000] {processor.py:153} INFO - Started process (PID=12162) to work on /opt/airflow/dags/solution.py
[2023-02-02T02:09:53.390+0000] {processor.py:743} INFO - Processing file /opt/airflow/dags/solution.py for tasks to queue
[2023-02-02T02:09:53.391+0000] {logging_mixin.py:137} INFO - [2023-02-02T02:09:53.391+0000] {dagbag.py:538} INFO - Filling up the DagBag from /opt/airflow/dags/solution.py
[2023-02-02T02:09:54.971+0000] {processor.py:753} INFO - DAG(s) dict_keys(['minio_s3_dag']) retrieved from /opt/airflow/dags/solution.py
[2023-02-02T02:09:55.046+0000] {logging_mixin.py:137} INFO - [2023-02-02T02:09:55.045+0000] {dag.py:2690} INFO - Sync 1 DAGs
[2023-02-02T02:09:55.133+0000] {logging_mixin.py:137} INFO - [2023-02-02T02:09:55.133+0000] {dag.py:3437} INFO - Setting next_dagrun for minio_s3_dag to 2023-02-01T02:09:55.132825+00:00, run_after=2023-02-02T02:09:55.132825+00:00
[2023-02-02T02:09:55.173+0000] {processor.py:175} INFO - Processing /opt/airflow/dags/solution.py took 1.791 seconds
[2023-02-02T02:10:25.415+0000] {processor.py:153} INFO - Started process (PID=12194) to work on /opt/airflow/dags/solution.py
[2023-02-02T02:10:25.417+0000] {processor.py:743} INFO - Processing file /opt/airflow/dags/solution.py for tasks to queue
[2023-02-02T02:10:25.421+0000] {logging_mixin.py:137} INFO - [2023-02-02T02:10:25.420+0000] {dagbag.py:538} INFO - Filling up the DagBag from /opt/airflow/dags/solution.py
[2023-02-02T02:10:26.928+0000] {processor.py:753} INFO - DAG(s) dict_keys(['minio_s3_dag']) retrieved from /opt/airflow/dags/solution.py
[2023-02-02T02:10:26.984+0000] {logging_mixin.py:137} INFO - [2023-02-02T02:10:26.983+0000] {dag.py:2690} INFO - Sync 1 DAGs
[2023-02-02T02:10:27.288+0000] {logging_mixin.py:137} INFO - [2023-02-02T02:10:27.287+0000] {dag.py:3437} INFO - Setting next_dagrun for minio_s3_dag to 2023-02-01T02:10:27.287336+00:00, run_after=2023-02-02T02:10:27.287336+00:00
[2023-02-02T02:10:27.329+0000] {processor.py:175} INFO - Processing /opt/airflow/dags/solution.py took 1.920 seconds
[2023-02-02T02:10:57.594+0000] {processor.py:153} INFO - Started process (PID=12226) to work on /opt/airflow/dags/solution.py
[2023-02-02T02:10:57.595+0000] {processor.py:743} INFO - Processing file /opt/airflow/dags/solution.py for tasks to queue
[2023-02-02T02:10:57.597+0000] {logging_mixin.py:137} INFO - [2023-02-02T02:10:57.597+0000] {dagbag.py:538} INFO - Filling up the DagBag from /opt/airflow/dags/solution.py
[2023-02-02T02:10:59.002+0000] {processor.py:753} INFO - DAG(s) dict_keys(['minio_s3_dag']) retrieved from /opt/airflow/dags/solution.py
[2023-02-02T02:10:59.052+0000] {logging_mixin.py:137} INFO - [2023-02-02T02:10:59.051+0000] {dag.py:2690} INFO - Sync 1 DAGs
[2023-02-02T02:10:59.320+0000] {logging_mixin.py:137} INFO - [2023-02-02T02:10:59.320+0000] {dag.py:3437} INFO - Setting next_dagrun for minio_s3_dag to 2023-02-01T02:10:59.319778+00:00, run_after=2023-02-02T02:10:59.319778+00:00
[2023-02-02T02:10:59.358+0000] {processor.py:175} INFO - Processing /opt/airflow/dags/solution.py took 1.770 seconds
[2023-02-02T02:11:29.495+0000] {processor.py:153} INFO - Started process (PID=12258) to work on /opt/airflow/dags/solution.py
[2023-02-02T02:11:29.496+0000] {processor.py:743} INFO - Processing file /opt/airflow/dags/solution.py for tasks to queue
[2023-02-02T02:11:29.498+0000] {logging_mixin.py:137} INFO - [2023-02-02T02:11:29.498+0000] {dagbag.py:538} INFO - Filling up the DagBag from /opt/airflow/dags/solution.py
[2023-02-02T02:11:31.025+0000] {processor.py:753} INFO - DAG(s) dict_keys(['minio_s3_dag']) retrieved from /opt/airflow/dags/solution.py
[2023-02-02T02:11:31.089+0000] {logging_mixin.py:137} INFO - [2023-02-02T02:11:31.088+0000] {dag.py:2690} INFO - Sync 1 DAGs
[2023-02-02T02:11:31.439+0000] {logging_mixin.py:137} INFO - [2023-02-02T02:11:31.436+0000] {dag.py:3437} INFO - Setting next_dagrun for minio_s3_dag to 2023-02-01T02:11:31.436012+00:00, run_after=2023-02-02T02:11:31.436012+00:00
[2023-02-02T02:11:31.490+0000] {processor.py:175} INFO - Processing /opt/airflow/dags/solution.py took 2.000 seconds
[2023-02-02T02:12:01.726+0000] {processor.py:153} INFO - Started process (PID=12290) to work on /opt/airflow/dags/solution.py
[2023-02-02T02:12:01.728+0000] {processor.py:743} INFO - Processing file /opt/airflow/dags/solution.py for tasks to queue
[2023-02-02T02:12:01.742+0000] {logging_mixin.py:137} INFO - [2023-02-02T02:12:01.742+0000] {dagbag.py:538} INFO - Filling up the DagBag from /opt/airflow/dags/solution.py
[2023-02-02T02:12:04.027+0000] {processor.py:753} INFO - DAG(s) dict_keys(['minio_s3_dag']) retrieved from /opt/airflow/dags/solution.py
[2023-02-02T02:12:04.082+0000] {logging_mixin.py:137} INFO - [2023-02-02T02:12:04.081+0000] {dag.py:2690} INFO - Sync 1 DAGs
[2023-02-02T02:12:04.140+0000] {logging_mixin.py:137} INFO - [2023-02-02T02:12:04.140+0000] {dag.py:3437} INFO - Setting next_dagrun for minio_s3_dag to 2023-02-01T02:12:04.139988+00:00, run_after=2023-02-02T02:12:04.139988+00:00
[2023-02-02T02:12:04.180+0000] {processor.py:175} INFO - Processing /opt/airflow/dags/solution.py took 2.460 seconds
[2023-02-02T02:12:34.420+0000] {processor.py:153} INFO - Started process (PID=12322) to work on /opt/airflow/dags/solution.py
[2023-02-02T02:12:34.422+0000] {processor.py:743} INFO - Processing file /opt/airflow/dags/solution.py for tasks to queue
[2023-02-02T02:12:34.425+0000] {logging_mixin.py:137} INFO - [2023-02-02T02:12:34.424+0000] {dagbag.py:538} INFO - Filling up the DagBag from /opt/airflow/dags/solution.py
[2023-02-02T02:12:36.465+0000] {processor.py:753} INFO - DAG(s) dict_keys(['minio_s3_dag']) retrieved from /opt/airflow/dags/solution.py
[2023-02-02T02:12:36.522+0000] {logging_mixin.py:137} INFO - [2023-02-02T02:12:36.521+0000] {dag.py:2690} INFO - Sync 1 DAGs
[2023-02-02T02:12:36.584+0000] {logging_mixin.py:137} INFO - [2023-02-02T02:12:36.584+0000] {dag.py:3437} INFO - Setting next_dagrun for minio_s3_dag to 2023-02-01T02:12:36.583953+00:00, run_after=2023-02-02T02:12:36.583953+00:00
[2023-02-02T02:12:36.627+0000] {processor.py:175} INFO - Processing /opt/airflow/dags/solution.py took 2.213 seconds
[2023-02-02T02:13:06.865+0000] {processor.py:153} INFO - Started process (PID=12354) to work on /opt/airflow/dags/solution.py
[2023-02-02T02:13:06.867+0000] {processor.py:743} INFO - Processing file /opt/airflow/dags/solution.py for tasks to queue
[2023-02-02T02:13:06.868+0000] {logging_mixin.py:137} INFO - [2023-02-02T02:13:06.868+0000] {dagbag.py:538} INFO - Filling up the DagBag from /opt/airflow/dags/solution.py
[2023-02-02T02:13:09.141+0000] {processor.py:753} INFO - DAG(s) dict_keys(['minio_s3_dag']) retrieved from /opt/airflow/dags/solution.py
[2023-02-02T02:13:09.201+0000] {logging_mixin.py:137} INFO - [2023-02-02T02:13:09.200+0000] {dag.py:2690} INFO - Sync 1 DAGs
[2023-02-02T02:13:09.281+0000] {logging_mixin.py:137} INFO - [2023-02-02T02:13:09.281+0000] {dag.py:3437} INFO - Setting next_dagrun for minio_s3_dag to 2023-02-01T02:13:09.281063+00:00, run_after=2023-02-02T02:13:09.281063+00:00
[2023-02-02T02:13:09.332+0000] {processor.py:175} INFO - Processing /opt/airflow/dags/solution.py took 2.473 seconds
[2023-02-02T02:13:39.649+0000] {processor.py:153} INFO - Started process (PID=12386) to work on /opt/airflow/dags/solution.py
[2023-02-02T02:13:39.650+0000] {processor.py:743} INFO - Processing file /opt/airflow/dags/solution.py for tasks to queue
[2023-02-02T02:13:39.652+0000] {logging_mixin.py:137} INFO - [2023-02-02T02:13:39.651+0000] {dagbag.py:538} INFO - Filling up the DagBag from /opt/airflow/dags/solution.py
[2023-02-02T02:13:41.273+0000] {processor.py:753} INFO - DAG(s) dict_keys(['minio_s3_dag']) retrieved from /opt/airflow/dags/solution.py
[2023-02-02T02:13:41.342+0000] {logging_mixin.py:137} INFO - [2023-02-02T02:13:41.340+0000] {dag.py:2690} INFO - Sync 1 DAGs
[2023-02-02T02:13:41.711+0000] {logging_mixin.py:137} INFO - [2023-02-02T02:13:41.711+0000] {dag.py:3437} INFO - Setting next_dagrun for minio_s3_dag to 2023-02-01T02:13:41.709877+00:00, run_after=2023-02-02T02:13:41.709877+00:00
[2023-02-02T02:13:41.768+0000] {processor.py:175} INFO - Processing /opt/airflow/dags/solution.py took 2.125 seconds
[2023-02-02T02:14:11.868+0000] {processor.py:153} INFO - Started process (PID=12418) to work on /opt/airflow/dags/solution.py
[2023-02-02T02:14:11.870+0000] {processor.py:743} INFO - Processing file /opt/airflow/dags/solution.py for tasks to queue
[2023-02-02T02:14:11.873+0000] {logging_mixin.py:137} INFO - [2023-02-02T02:14:11.872+0000] {dagbag.py:538} INFO - Filling up the DagBag from /opt/airflow/dags/solution.py
[2023-02-02T02:14:14.032+0000] {processor.py:753} INFO - DAG(s) dict_keys(['minio_s3_dag']) retrieved from /opt/airflow/dags/solution.py
[2023-02-02T02:14:14.170+0000] {logging_mixin.py:137} INFO - [2023-02-02T02:14:14.169+0000] {dag.py:2690} INFO - Sync 1 DAGs
[2023-02-02T02:14:14.618+0000] {logging_mixin.py:137} INFO - [2023-02-02T02:14:14.618+0000] {dag.py:3437} INFO - Setting next_dagrun for minio_s3_dag to 2023-02-01T02:14:14.617893+00:00, run_after=2023-02-02T02:14:14.617893+00:00
[2023-02-02T02:14:14.677+0000] {processor.py:175} INFO - Processing /opt/airflow/dags/solution.py took 2.815 seconds
[2023-02-02T02:14:44.953+0000] {processor.py:153} INFO - Started process (PID=12450) to work on /opt/airflow/dags/solution.py
[2023-02-02T02:14:44.955+0000] {processor.py:743} INFO - Processing file /opt/airflow/dags/solution.py for tasks to queue
[2023-02-02T02:14:44.959+0000] {logging_mixin.py:137} INFO - [2023-02-02T02:14:44.958+0000] {dagbag.py:538} INFO - Filling up the DagBag from /opt/airflow/dags/solution.py
[2023-02-02T02:14:46.976+0000] {processor.py:753} INFO - DAG(s) dict_keys(['minio_s3_dag']) retrieved from /opt/airflow/dags/solution.py
[2023-02-02T02:14:47.049+0000] {logging_mixin.py:137} INFO - [2023-02-02T02:14:47.046+0000] {dag.py:2690} INFO - Sync 1 DAGs
[2023-02-02T02:14:47.116+0000] {logging_mixin.py:137} INFO - [2023-02-02T02:14:47.116+0000] {dag.py:3437} INFO - Setting next_dagrun for minio_s3_dag to 2023-02-01T02:14:47.116124+00:00, run_after=2023-02-02T02:14:47.116124+00:00
[2023-02-02T02:14:47.176+0000] {processor.py:175} INFO - Processing /opt/airflow/dags/solution.py took 2.229 seconds
[2023-02-02T02:15:17.448+0000] {processor.py:153} INFO - Started process (PID=12482) to work on /opt/airflow/dags/solution.py
[2023-02-02T02:15:17.449+0000] {processor.py:743} INFO - Processing file /opt/airflow/dags/solution.py for tasks to queue
[2023-02-02T02:15:17.451+0000] {logging_mixin.py:137} INFO - [2023-02-02T02:15:17.451+0000] {dagbag.py:538} INFO - Filling up the DagBag from /opt/airflow/dags/solution.py
[2023-02-02T02:15:18.900+0000] {processor.py:753} INFO - DAG(s) dict_keys(['minio_s3_dag']) retrieved from /opt/airflow/dags/solution.py
[2023-02-02T02:15:18.942+0000] {logging_mixin.py:137} INFO - [2023-02-02T02:15:18.941+0000] {dag.py:2690} INFO - Sync 1 DAGs
[2023-02-02T02:15:18.989+0000] {logging_mixin.py:137} INFO - [2023-02-02T02:15:18.989+0000] {dag.py:3437} INFO - Setting next_dagrun for minio_s3_dag to 2023-02-01T02:15:18.988705+00:00, run_after=2023-02-02T02:15:18.988705+00:00
[2023-02-02T02:15:19.023+0000] {processor.py:175} INFO - Processing /opt/airflow/dags/solution.py took 1.583 seconds
[2023-02-02T02:15:49.282+0000] {processor.py:153} INFO - Started process (PID=12514) to work on /opt/airflow/dags/solution.py
[2023-02-02T02:15:49.286+0000] {processor.py:743} INFO - Processing file /opt/airflow/dags/solution.py for tasks to queue
[2023-02-02T02:15:49.292+0000] {logging_mixin.py:137} INFO - [2023-02-02T02:15:49.291+0000] {dagbag.py:538} INFO - Filling up the DagBag from /opt/airflow/dags/solution.py
[2023-02-02T02:15:51.619+0000] {processor.py:753} INFO - DAG(s) dict_keys(['minio_s3_dag']) retrieved from /opt/airflow/dags/solution.py
[2023-02-02T02:15:51.662+0000] {logging_mixin.py:137} INFO - [2023-02-02T02:15:51.661+0000] {dag.py:2690} INFO - Sync 1 DAGs
[2023-02-02T02:15:51.715+0000] {logging_mixin.py:137} INFO - [2023-02-02T02:15:51.715+0000] {dag.py:3437} INFO - Setting next_dagrun for minio_s3_dag to 2023-02-01T02:15:51.714305+00:00, run_after=2023-02-02T02:15:51.714305+00:00
[2023-02-02T02:15:51.757+0000] {processor.py:175} INFO - Processing /opt/airflow/dags/solution.py took 2.483 seconds
[2023-02-02T02:16:21.975+0000] {processor.py:153} INFO - Started process (PID=12546) to work on /opt/airflow/dags/solution.py
[2023-02-02T02:16:21.981+0000] {processor.py:743} INFO - Processing file /opt/airflow/dags/solution.py for tasks to queue
[2023-02-02T02:16:21.988+0000] {logging_mixin.py:137} INFO - [2023-02-02T02:16:21.987+0000] {dagbag.py:538} INFO - Filling up the DagBag from /opt/airflow/dags/solution.py
[2023-02-02T02:16:24.539+0000] {processor.py:753} INFO - DAG(s) dict_keys(['minio_s3_dag']) retrieved from /opt/airflow/dags/solution.py
[2023-02-02T02:16:24.601+0000] {logging_mixin.py:137} INFO - [2023-02-02T02:16:24.600+0000] {dag.py:2690} INFO - Sync 1 DAGs
[2023-02-02T02:16:24.669+0000] {logging_mixin.py:137} INFO - [2023-02-02T02:16:24.668+0000] {dag.py:3437} INFO - Setting next_dagrun for minio_s3_dag to 2023-02-01T02:16:24.668356+00:00, run_after=2023-02-02T02:16:24.668356+00:00
[2023-02-02T02:16:24.718+0000] {processor.py:175} INFO - Processing /opt/airflow/dags/solution.py took 2.750 seconds
[2023-02-02T02:16:55.004+0000] {processor.py:153} INFO - Started process (PID=12571) to work on /opt/airflow/dags/solution.py
[2023-02-02T02:16:55.006+0000] {processor.py:743} INFO - Processing file /opt/airflow/dags/solution.py for tasks to queue
[2023-02-02T02:16:55.008+0000] {logging_mixin.py:137} INFO - [2023-02-02T02:16:55.008+0000] {dagbag.py:538} INFO - Filling up the DagBag from /opt/airflow/dags/solution.py
[2023-02-02T02:16:57.142+0000] {processor.py:753} INFO - DAG(s) dict_keys(['minio_s3_dag']) retrieved from /opt/airflow/dags/solution.py
[2023-02-02T02:16:57.203+0000] {logging_mixin.py:137} INFO - [2023-02-02T02:16:57.202+0000] {dag.py:2690} INFO - Sync 1 DAGs
[2023-02-02T02:16:57.500+0000] {logging_mixin.py:137} INFO - [2023-02-02T02:16:57.500+0000] {dag.py:3437} INFO - Setting next_dagrun for minio_s3_dag to 2023-02-01T02:16:57.499966+00:00, run_after=2023-02-02T02:16:57.499966+00:00
[2023-02-02T02:16:57.539+0000] {processor.py:175} INFO - Processing /opt/airflow/dags/solution.py took 2.550 seconds
[2023-02-02T02:17:27.816+0000] {processor.py:153} INFO - Started process (PID=12603) to work on /opt/airflow/dags/solution.py
[2023-02-02T02:17:27.818+0000] {processor.py:743} INFO - Processing file /opt/airflow/dags/solution.py for tasks to queue
[2023-02-02T02:17:27.819+0000] {logging_mixin.py:137} INFO - [2023-02-02T02:17:27.819+0000] {dagbag.py:538} INFO - Filling up the DagBag from /opt/airflow/dags/solution.py
[2023-02-02T02:17:29.910+0000] {processor.py:753} INFO - DAG(s) dict_keys(['minio_s3_dag']) retrieved from /opt/airflow/dags/solution.py
[2023-02-02T02:17:30.013+0000] {logging_mixin.py:137} INFO - [2023-02-02T02:17:30.012+0000] {dag.py:2690} INFO - Sync 1 DAGs
[2023-02-02T02:17:30.487+0000] {logging_mixin.py:137} INFO - [2023-02-02T02:17:30.486+0000] {dag.py:3437} INFO - Setting next_dagrun for minio_s3_dag to 2023-02-01T02:17:30.486348+00:00, run_after=2023-02-02T02:17:30.486348+00:00
[2023-02-02T02:17:30.533+0000] {processor.py:175} INFO - Processing /opt/airflow/dags/solution.py took 2.727 seconds
[2023-02-02T02:18:00.758+0000] {processor.py:153} INFO - Started process (PID=12627) to work on /opt/airflow/dags/solution.py
[2023-02-02T02:18:00.760+0000] {processor.py:743} INFO - Processing file /opt/airflow/dags/solution.py for tasks to queue
[2023-02-02T02:18:00.764+0000] {logging_mixin.py:137} INFO - [2023-02-02T02:18:00.762+0000] {dagbag.py:538} INFO - Filling up the DagBag from /opt/airflow/dags/solution.py
[2023-02-02T02:18:03.111+0000] {processor.py:753} INFO - DAG(s) dict_keys(['minio_s3_dag']) retrieved from /opt/airflow/dags/solution.py
[2023-02-02T02:18:03.188+0000] {logging_mixin.py:137} INFO - [2023-02-02T02:18:03.186+0000] {dag.py:2690} INFO - Sync 1 DAGs
[2023-02-02T02:18:03.267+0000] {logging_mixin.py:137} INFO - [2023-02-02T02:18:03.266+0000] {dag.py:3437} INFO - Setting next_dagrun for minio_s3_dag to 2023-02-01T02:18:03.266572+00:00, run_after=2023-02-02T02:18:03.266572+00:00
[2023-02-02T02:18:03.325+0000] {processor.py:175} INFO - Processing /opt/airflow/dags/solution.py took 2.574 seconds
[2023-02-02T02:18:33.653+0000] {processor.py:153} INFO - Started process (PID=12659) to work on /opt/airflow/dags/solution.py
[2023-02-02T02:18:33.654+0000] {processor.py:743} INFO - Processing file /opt/airflow/dags/solution.py for tasks to queue
[2023-02-02T02:18:33.656+0000] {logging_mixin.py:137} INFO - [2023-02-02T02:18:33.656+0000] {dagbag.py:538} INFO - Filling up the DagBag from /opt/airflow/dags/solution.py
[2023-02-02T02:18:35.420+0000] {processor.py:753} INFO - DAG(s) dict_keys(['minio_s3_dag']) retrieved from /opt/airflow/dags/solution.py
[2023-02-02T02:18:35.466+0000] {logging_mixin.py:137} INFO - [2023-02-02T02:18:35.465+0000] {dag.py:2690} INFO - Sync 1 DAGs
[2023-02-02T02:18:35.522+0000] {logging_mixin.py:137} INFO - [2023-02-02T02:18:35.522+0000] {dag.py:3437} INFO - Setting next_dagrun for minio_s3_dag to 2023-02-01T02:18:35.521801+00:00, run_after=2023-02-02T02:18:35.521801+00:00
[2023-02-02T02:18:35.561+0000] {processor.py:175} INFO - Processing /opt/airflow/dags/solution.py took 1.914 seconds
[2023-02-02T02:19:05.807+0000] {processor.py:153} INFO - Started process (PID=12692) to work on /opt/airflow/dags/solution.py
[2023-02-02T02:19:05.809+0000] {processor.py:743} INFO - Processing file /opt/airflow/dags/solution.py for tasks to queue
[2023-02-02T02:19:05.812+0000] {logging_mixin.py:137} INFO - [2023-02-02T02:19:05.811+0000] {dagbag.py:538} INFO - Filling up the DagBag from /opt/airflow/dags/solution.py
[2023-02-02T02:19:07.591+0000] {processor.py:753} INFO - DAG(s) dict_keys(['minio_s3_dag']) retrieved from /opt/airflow/dags/solution.py
[2023-02-02T02:19:07.681+0000] {logging_mixin.py:137} INFO - [2023-02-02T02:19:07.680+0000] {dag.py:2690} INFO - Sync 1 DAGs
[2023-02-02T02:19:07.751+0000] {logging_mixin.py:137} INFO - [2023-02-02T02:19:07.751+0000] {dag.py:3437} INFO - Setting next_dagrun for minio_s3_dag to 2023-02-01T02:19:07.750761+00:00, run_after=2023-02-02T02:19:07.750761+00:00
[2023-02-02T02:19:07.796+0000] {processor.py:175} INFO - Processing /opt/airflow/dags/solution.py took 1.996 seconds
[2023-02-02T02:19:38.067+0000] {processor.py:153} INFO - Started process (PID=12724) to work on /opt/airflow/dags/solution.py
[2023-02-02T02:19:38.069+0000] {processor.py:743} INFO - Processing file /opt/airflow/dags/solution.py for tasks to queue
[2023-02-02T02:19:38.078+0000] {logging_mixin.py:137} INFO - [2023-02-02T02:19:38.077+0000] {dagbag.py:538} INFO - Filling up the DagBag from /opt/airflow/dags/solution.py
[2023-02-02T02:19:40.705+0000] {processor.py:753} INFO - DAG(s) dict_keys(['minio_s3_dag']) retrieved from /opt/airflow/dags/solution.py
[2023-02-02T02:19:40.764+0000] {logging_mixin.py:137} INFO - [2023-02-02T02:19:40.763+0000] {dag.py:2690} INFO - Sync 1 DAGs
[2023-02-02T02:19:40.857+0000] {logging_mixin.py:137} INFO - [2023-02-02T02:19:40.857+0000] {dag.py:3437} INFO - Setting next_dagrun for minio_s3_dag to 2023-02-01T02:19:40.857129+00:00, run_after=2023-02-02T02:19:40.857129+00:00
[2023-02-02T02:19:40.924+0000] {processor.py:175} INFO - Processing /opt/airflow/dags/solution.py took 2.863 seconds
[2023-02-02T02:20:11.224+0000] {processor.py:153} INFO - Started process (PID=12756) to work on /opt/airflow/dags/solution.py
[2023-02-02T02:20:11.226+0000] {processor.py:743} INFO - Processing file /opt/airflow/dags/solution.py for tasks to queue
[2023-02-02T02:20:11.227+0000] {logging_mixin.py:137} INFO - [2023-02-02T02:20:11.227+0000] {dagbag.py:538} INFO - Filling up the DagBag from /opt/airflow/dags/solution.py
[2023-02-02T02:20:12.763+0000] {processor.py:753} INFO - DAG(s) dict_keys(['minio_s3_dag']) retrieved from /opt/airflow/dags/solution.py
[2023-02-02T02:20:12.822+0000] {logging_mixin.py:137} INFO - [2023-02-02T02:20:12.821+0000] {dag.py:2690} INFO - Sync 1 DAGs
[2023-02-02T02:20:13.148+0000] {logging_mixin.py:137} INFO - [2023-02-02T02:20:13.148+0000] {dag.py:3437} INFO - Setting next_dagrun for minio_s3_dag to 2023-02-01T02:20:13.147699+00:00, run_after=2023-02-02T02:20:13.147699+00:00
[2023-02-02T02:20:13.187+0000] {processor.py:175} INFO - Processing /opt/airflow/dags/solution.py took 1.969 seconds
[2023-02-02T02:20:43.493+0000] {processor.py:153} INFO - Started process (PID=12788) to work on /opt/airflow/dags/solution.py
[2023-02-02T02:20:43.496+0000] {processor.py:743} INFO - Processing file /opt/airflow/dags/solution.py for tasks to queue
[2023-02-02T02:20:43.499+0000] {logging_mixin.py:137} INFO - [2023-02-02T02:20:43.498+0000] {dagbag.py:538} INFO - Filling up the DagBag from /opt/airflow/dags/solution.py
[2023-02-02T02:20:45.056+0000] {processor.py:753} INFO - DAG(s) dict_keys(['minio_s3_dag']) retrieved from /opt/airflow/dags/solution.py
[2023-02-02T02:20:45.101+0000] {logging_mixin.py:137} INFO - [2023-02-02T02:20:45.100+0000] {dag.py:2690} INFO - Sync 1 DAGs
[2023-02-02T02:20:45.369+0000] {logging_mixin.py:137} INFO - [2023-02-02T02:20:45.368+0000] {dag.py:3437} INFO - Setting next_dagrun for minio_s3_dag to 2023-02-01T02:20:45.368582+00:00, run_after=2023-02-02T02:20:45.368582+00:00
[2023-02-02T02:20:45.408+0000] {processor.py:175} INFO - Processing /opt/airflow/dags/solution.py took 1.924 seconds
[2023-02-02T02:21:15.671+0000] {processor.py:153} INFO - Started process (PID=12820) to work on /opt/airflow/dags/solution.py
[2023-02-02T02:21:15.676+0000] {processor.py:743} INFO - Processing file /opt/airflow/dags/solution.py for tasks to queue
[2023-02-02T02:21:15.680+0000] {logging_mixin.py:137} INFO - [2023-02-02T02:21:15.679+0000] {dagbag.py:538} INFO - Filling up the DagBag from /opt/airflow/dags/solution.py
[2023-02-02T02:21:18.011+0000] {processor.py:753} INFO - DAG(s) dict_keys(['minio_s3_dag']) retrieved from /opt/airflow/dags/solution.py
[2023-02-02T02:21:18.068+0000] {logging_mixin.py:137} INFO - [2023-02-02T02:21:18.067+0000] {dag.py:2690} INFO - Sync 1 DAGs
[2023-02-02T02:21:18.135+0000] {logging_mixin.py:137} INFO - [2023-02-02T02:21:18.135+0000] {dag.py:3437} INFO - Setting next_dagrun for minio_s3_dag to 2023-02-01T02:21:18.134717+00:00, run_after=2023-02-02T02:21:18.134717+00:00
[2023-02-02T02:21:18.188+0000] {processor.py:175} INFO - Processing /opt/airflow/dags/solution.py took 2.524 seconds
[2023-02-02T02:21:48.446+0000] {processor.py:153} INFO - Started process (PID=12852) to work on /opt/airflow/dags/solution.py
[2023-02-02T02:21:48.448+0000] {processor.py:743} INFO - Processing file /opt/airflow/dags/solution.py for tasks to queue
[2023-02-02T02:21:48.450+0000] {logging_mixin.py:137} INFO - [2023-02-02T02:21:48.450+0000] {dagbag.py:538} INFO - Filling up the DagBag from /opt/airflow/dags/solution.py
[2023-02-02T02:21:50.819+0000] {processor.py:753} INFO - DAG(s) dict_keys(['minio_s3_dag']) retrieved from /opt/airflow/dags/solution.py
[2023-02-02T02:21:50.881+0000] {logging_mixin.py:137} INFO - [2023-02-02T02:21:50.880+0000] {dag.py:2690} INFO - Sync 1 DAGs
[2023-02-02T02:21:50.962+0000] {logging_mixin.py:137} INFO - [2023-02-02T02:21:50.961+0000] {dag.py:3437} INFO - Setting next_dagrun for minio_s3_dag to 2023-02-01T02:21:50.954622+00:00, run_after=2023-02-02T02:21:50.954622+00:00
[2023-02-02T02:21:51.039+0000] {processor.py:175} INFO - Processing /opt/airflow/dags/solution.py took 2.599 seconds
[2023-02-02T02:22:21.173+0000] {processor.py:153} INFO - Started process (PID=12877) to work on /opt/airflow/dags/solution.py
[2023-02-02T02:22:21.175+0000] {processor.py:743} INFO - Processing file /opt/airflow/dags/solution.py for tasks to queue
[2023-02-02T02:22:21.176+0000] {logging_mixin.py:137} INFO - [2023-02-02T02:22:21.176+0000] {dagbag.py:538} INFO - Filling up the DagBag from /opt/airflow/dags/solution.py
[2023-02-02T02:22:22.978+0000] {processor.py:753} INFO - DAG(s) dict_keys(['minio_s3_dag']) retrieved from /opt/airflow/dags/solution.py
[2023-02-02T02:22:23.069+0000] {logging_mixin.py:137} INFO - [2023-02-02T02:22:23.068+0000] {dag.py:2690} INFO - Sync 1 DAGs
[2023-02-02T02:22:23.151+0000] {logging_mixin.py:137} INFO - [2023-02-02T02:22:23.151+0000] {dag.py:3437} INFO - Setting next_dagrun for minio_s3_dag to 2023-02-01T02:22:23.150839+00:00, run_after=2023-02-02T02:22:23.150839+00:00
[2023-02-02T02:22:23.213+0000] {processor.py:175} INFO - Processing /opt/airflow/dags/solution.py took 2.046 seconds
[2023-02-02T02:22:53.531+0000] {processor.py:153} INFO - Started process (PID=12909) to work on /opt/airflow/dags/solution.py
[2023-02-02T02:22:53.533+0000] {processor.py:743} INFO - Processing file /opt/airflow/dags/solution.py for tasks to queue
[2023-02-02T02:22:53.535+0000] {logging_mixin.py:137} INFO - [2023-02-02T02:22:53.534+0000] {dagbag.py:538} INFO - Filling up the DagBag from /opt/airflow/dags/solution.py
[2023-02-02T02:22:55.607+0000] {processor.py:753} INFO - DAG(s) dict_keys(['minio_s3_dag']) retrieved from /opt/airflow/dags/solution.py
[2023-02-02T02:22:55.657+0000] {logging_mixin.py:137} INFO - [2023-02-02T02:22:55.656+0000] {dag.py:2690} INFO - Sync 1 DAGs
[2023-02-02T02:22:55.718+0000] {logging_mixin.py:137} INFO - [2023-02-02T02:22:55.718+0000] {dag.py:3437} INFO - Setting next_dagrun for minio_s3_dag to 2023-02-01T02:22:55.717753+00:00, run_after=2023-02-02T02:22:55.717753+00:00
[2023-02-02T02:22:55.767+0000] {processor.py:175} INFO - Processing /opt/airflow/dags/solution.py took 2.242 seconds
[2023-02-02T02:23:25.833+0000] {processor.py:153} INFO - Started process (PID=12933) to work on /opt/airflow/dags/solution.py
[2023-02-02T02:23:25.835+0000] {processor.py:743} INFO - Processing file /opt/airflow/dags/solution.py for tasks to queue
[2023-02-02T02:23:25.836+0000] {logging_mixin.py:137} INFO - [2023-02-02T02:23:25.836+0000] {dagbag.py:538} INFO - Filling up the DagBag from /opt/airflow/dags/solution.py
[2023-02-02T02:23:27.390+0000] {processor.py:753} INFO - DAG(s) dict_keys(['minio_s3_dag']) retrieved from /opt/airflow/dags/solution.py
[2023-02-02T02:23:27.453+0000] {logging_mixin.py:137} INFO - [2023-02-02T02:23:27.452+0000] {dag.py:2690} INFO - Sync 1 DAGs
[2023-02-02T02:23:27.777+0000] {logging_mixin.py:137} INFO - [2023-02-02T02:23:27.777+0000] {dag.py:3437} INFO - Setting next_dagrun for minio_s3_dag to 2023-02-01T02:23:27.777028+00:00, run_after=2023-02-02T02:23:27.777028+00:00
[2023-02-02T02:23:27.814+0000] {processor.py:175} INFO - Processing /opt/airflow/dags/solution.py took 1.988 seconds
