[2023-01-31T03:54:51.879+0000] {taskinstance.py:1083} INFO - Dependencies all met for <TaskInstance: minio_s3_dag.search_tt_covid manual__2023-01-31T03:54:47.437969+00:00 [queued]>
[2023-01-31T03:54:51.899+0000] {taskinstance.py:1083} INFO - Dependencies all met for <TaskInstance: minio_s3_dag.search_tt_covid manual__2023-01-31T03:54:47.437969+00:00 [queued]>
[2023-01-31T03:54:51.900+0000] {taskinstance.py:1279} INFO - 
--------------------------------------------------------------------------------
[2023-01-31T03:54:51.901+0000] {taskinstance.py:1280} INFO - Starting attempt 1 of 1
[2023-01-31T03:54:51.901+0000] {taskinstance.py:1281} INFO - 
--------------------------------------------------------------------------------
[2023-01-31T03:54:51.932+0000] {taskinstance.py:1300} INFO - Executing <Task(PythonOperator): search_tt_covid> on 2023-01-31 03:54:47.437969+00:00
[2023-01-31T03:54:51.940+0000] {standard_task_runner.py:55} INFO - Started process 337 to run task
[2023-01-31T03:54:51.945+0000] {standard_task_runner.py:82} INFO - Running: ['***', 'tasks', 'run', 'minio_s3_dag', 'search_tt_covid', 'manual__2023-01-31T03:54:47.437969+00:00', '--job-id', '45', '--raw', '--subdir', 'DAGS_FOLDER/solution.py', '--cfg-path', '/tmp/tmpwqn97n5s']
[2023-01-31T03:54:51.950+0000] {standard_task_runner.py:83} INFO - Job 45: Subtask search_tt_covid
[2023-01-31T03:54:52.070+0000] {task_command.py:388} INFO - Running <TaskInstance: minio_s3_dag.search_tt_covid manual__2023-01-31T03:54:47.437969+00:00 [running]> on host 5c63ae874330
[2023-01-31T03:54:52.477+0000] {taskinstance.py:1507} INFO - Exporting the following env vars:
AIRFLOW_CTX_DAG_OWNER=Bassam
AIRFLOW_CTX_DAG_ID=minio_s3_dag
AIRFLOW_CTX_TASK_ID=search_tt_covid
AIRFLOW_CTX_EXECUTION_DATE=2023-01-31T03:54:47.437969+00:00
AIRFLOW_CTX_TRY_NUMBER=1
AIRFLOW_CTX_DAG_RUN_ID=manual__2023-01-31T03:54:47.437969+00:00
[2023-01-31T03:54:52.481+0000] {twitter.py:758} INFO - Retrieving scroll page None
[2023-01-31T03:54:52.482+0000] {twitter.py:684} INFO - Retrieving guest token
[2023-01-31T03:54:52.486+0000] {base.py:172} INFO - Retrieving https://twitter.com/search?f=live&lang=en&q=%23covid19+since%3A2023-01-01+until%3A2023-01-31&src=spelling_expansion_revert_click
[2023-01-31T03:54:53.058+0000] {base.py:191} INFO - Retrieved https://twitter.com/search?f=live&lang=en&q=%23covid19+since%3A2023-01-01+until%3A2023-01-31&src=spelling_expansion_revert_click: 200
[2023-01-31T03:54:53.066+0000] {base.py:172} INFO - Retrieving https://api.twitter.com/2/search/adaptive.json?include_profile_interstitial_type=1&include_blocking=1&include_blocked_by=1&include_followed_by=1&include_want_retweets=1&include_mute_edge=1&include_can_dm=1&include_can_media_tag=1&include_ext_has_nft_avatar=1&include_ext_is_blue_verified=1&include_ext_verified_type=1&skip_status=1&cards_platform=Web-12&include_cards=1&include_ext_alt_text=true&include_ext_limited_action_results=false&include_quote_count=true&include_reply_count=1&tweet_mode=extended&include_ext_collab_control=true&include_ext_views=true&include_entities=true&include_user_entities=true&include_ext_media_color=true&include_ext_media_availability=true&include_ext_sensitive_media_warning=true&include_ext_trusted_friends_metadata=true&send_error_codes=true&simple_quoted_tweet=true&q=%23covid19+since%3A2023-01-01+until%3A2023-01-31&tweet_search_mode=live&count=20&query_source=spelling_expansion_revert_click&pc=1&spelling_corrections=1&include_ext_edit_control=true&ext=mediaStats%2ChighlightedLabel%2ChasNftAvatar%2CvoiceInfo%2Cenrichments%2CsuperFollowMetadata%2CunmentionInfo%2CeditControl%2Ccollab_control%2Cvibe
[2023-01-31T03:54:54.028+0000] {base.py:191} INFO - Retrieved https://api.twitter.com/2/search/adaptive.json?include_profile_interstitial_type=1&include_blocking=1&include_blocked_by=1&include_followed_by=1&include_want_retweets=1&include_mute_edge=1&include_can_dm=1&include_can_media_tag=1&include_ext_has_nft_avatar=1&include_ext_is_blue_verified=1&include_ext_verified_type=1&skip_status=1&cards_platform=Web-12&include_cards=1&include_ext_alt_text=true&include_ext_limited_action_results=false&include_quote_count=true&include_reply_count=1&tweet_mode=extended&include_ext_collab_control=true&include_ext_views=true&include_entities=true&include_user_entities=true&include_ext_media_color=true&include_ext_media_availability=true&include_ext_sensitive_media_warning=true&include_ext_trusted_friends_metadata=true&send_error_codes=true&simple_quoted_tweet=true&q=%23covid19+since%3A2023-01-01+until%3A2023-01-31&tweet_search_mode=live&count=20&query_source=spelling_expansion_revert_click&pc=1&spelling_corrections=1&include_ext_edit_control=true&ext=mediaStats%2ChighlightedLabel%2ChasNftAvatar%2CvoiceInfo%2Cenrichments%2CsuperFollowMetadata%2CunmentionInfo%2CeditControl%2Ccollab_control%2Cvibe: 200
[2023-01-31T03:54:54.063+0000] {base.py:73} INFO - Using connection ID 'minio_s3_docker' for task execution.
[2023-01-31T03:54:54.066+0000] {connection_wrapper.py:337} INFO - AWS Connection (conn_id='minio_s3_docker', conn_type='aws') credentials retrieved from extra.
[2023-01-31T03:54:56.727+0000] {s3.py:232} INFO - Bucket "twitter-search" does not exist
[2023-01-31T03:54:57.189+0000] {python.py:177} INFO - Done. Returned value was: None
[2023-01-31T03:54:57.322+0000] {taskinstance.py:1318} INFO - Marking task as SUCCESS. dag_id=minio_s3_dag, task_id=search_tt_covid, execution_date=20230131T035447, start_date=20230131T035451, end_date=20230131T035457
[2023-01-31T03:54:57.418+0000] {local_task_job.py:208} INFO - Task exited with return code 0
[2023-01-31T03:54:57.466+0000] {taskinstance.py:2578} INFO - 1 downstream tasks scheduled from follow-on schedule check
